  Animation.cpp
f:\manyhats\manyhats\InGameObj.h(3): fatal error C1083: Cannot open include file: 'glm/vec2.hpp': No such file or directory
  BombHat.cpp
  Character.cpp
f:\manyhats\manyhats\InGameObj.h(3): fatal error C1083: Cannot open include file: 'glm/vec2.hpp': No such file or directory
  GameState.cpp
f:\manyhats\manyhats\InGameObj.h(3): fatal error C1083: Cannot open include file: 'glm/vec2.hpp': No such file or directory
  GameStateManager.cpp
f:\manyhats\manyhats\InGameObj.h(3): fatal error C1083: Cannot open include file: 'glm/vec2.hpp': No such file or directory
  GL_Manager.cpp
f:\manyhats\manyhats\Shader.h(3): fatal error C1083: Cannot open include file: 'glad/glad.h': No such file or directory
  GL_Sprite_Renderer.cpp
f:\manyhats\manyhats\InGameObj.h(3): fatal error C1083: Cannot open include file: 'glm/vec2.hpp': No such file or directory
  InputManager.cpp
f:\manyhats\manyhats\InGameObj.h(3): fatal error C1083: Cannot open include file: 'glm/vec2.hpp': No such file or directory
  GameWorld.cpp
f:\manyhats\manyhats\InGameObj.h(3): fatal error C1083: Cannot open include file: 'glm/vec2.hpp': No such file or directory
  Main.cpp
Main.cpp(6): fatal error C1083: Cannot open include file: 'glad/glad.h': No such file or directory
  SantaHat.cpp
f:\manyhats\manyhats\InGameObj.h(3): fatal error C1083: Cannot open include file: 'glm/vec2.hpp': No such file or directory
