  Character.cpp
f:\manyhats\manyhats\Interactable.h(27): warning C4018: '<': signed/unsigned mismatch
f:\manyhats\manyhats\Interactable.h(44): warning C4244: '=': conversion from 'double' to 'int', possible loss of data
f:\manyhats\manyhats\BaseballCap.h(10): warning C4244: 'argument': conversion from 'float' to 'const int', possible loss of data
f:\manyhats\manyhats\BaseballCap.h(16): warning C4244: 'argument': conversion from 'double' to 'const int', possible loss of data
f:\manyhats\manyhats\BaseballCap.h(19): warning C4244: 'argument': conversion from 'double' to 'const int', possible loss of data
f:\manyhats\manyhats\ChiefHat.h(10): warning C4244: 'argument': conversion from 'float' to 'const int', possible loss of data
f:\manyhats\manyhats\ChiefHat.h(14): warning C4244: 'argument': conversion from 'double' to 'const int', possible loss of data
f:\manyhats\manyhats\ChiefHat.h(17): warning C4244: 'argument': conversion from 'double' to 'const int', possible loss of data
f:\manyhats\manyhats\BombHat.h(9): warning C4244: 'argument': conversion from 'float' to 'const int', possible loss of data
f:\manyhats\manyhats\BombHat.h(16): warning C4244: 'argument': conversion from 'double' to 'const int', possible loss of data
f:\manyhats\manyhats\BombHat.h(19): warning C4244: 'argument': conversion from 'double' to 'const int', possible loss of data
f:\manyhats\manyhats\NurseHat.h(10): warning C4244: 'argument': conversion from 'float' to 'const int', possible loss of data
f:\manyhats\manyhats\SantaHat.h(9): warning C4244: 'argument': conversion from 'float' to 'const int', possible loss of data
f:\manyhats\manyhats\SantaHat.h(13): warning C4244: 'argument': conversion from 'double' to 'const int', possible loss of data
f:\manyhats\manyhats\SantaHat.h(16): warning C4244: 'argument': conversion from 'double' to 'const int', possible loss of data
Character.cpp(22): warning C4018: '<': signed/unsigned mismatch
Character.cpp(33): warning C4244: 'argument': conversion from 'float' to 'int', possible loss of data
  GameState.cpp
f:\manyhats\manyhats\Interactable.h(27): warning C4018: '<': signed/unsigned mismatch
f:\manyhats\manyhats\Interactable.h(44): warning C4244: '=': conversion from 'double' to 'int', possible loss of data
f:\manyhats\manyhats\BaseballCap.h(10): warning C4244: 'argument': conversion from 'float' to 'const int', possible loss of data
f:\manyhats\manyhats\BaseballCap.h(16): warning C4244: 'argument': conversion from 'double' to 'const int', possible loss of data
f:\manyhats\manyhats\BaseballCap.h(19): warning C4244: 'argument': conversion from 'double' to 'const int', possible loss of data
f:\manyhats\manyhats\ChiefHat.h(10): warning C4244: 'argument': conversion from 'float' to 'const int', possible loss of data
f:\manyhats\manyhats\ChiefHat.h(14): warning C4244: 'argument': conversion from 'double' to 'const int', possible loss of data
f:\manyhats\manyhats\ChiefHat.h(17): warning C4244: 'argument': conversion from 'double' to 'const int', possible loss of data
f:\manyhats\manyhats\BombHat.h(9): warning C4244: 'argument': conversion from 'float' to 'const int', possible loss of data
f:\manyhats\manyhats\BombHat.h(16): warning C4244: 'argument': conversion from 'double' to 'const int', possible loss of data
f:\manyhats\manyhats\BombHat.h(19): warning C4244: 'argument': conversion from 'double' to 'const int', possible loss of data
f:\manyhats\manyhats\NurseHat.h(10): warning C4244: 'argument': conversion from 'float' to 'const int', possible loss of data
f:\manyhats\manyhats\SantaHat.h(9): warning C4244: 'argument': conversion from 'float' to 'const int', possible loss of data
f:\manyhats\manyhats\SantaHat.h(13): warning C4244: 'argument': conversion from 'double' to 'const int', possible loss of data
f:\manyhats\manyhats\SantaHat.h(16): warning C4244: 'argument': conversion from 'double' to 'const int', possible loss of data
  GameStateManager.cpp
f:\manyhats\manyhats\Interactable.h(27): warning C4018: '<': signed/unsigned mismatch
f:\manyhats\manyhats\Interactable.h(44): warning C4244: '=': conversion from 'double' to 'int', possible loss of data
f:\manyhats\manyhats\BaseballCap.h(10): warning C4244: 'argument': conversion from 'float' to 'const int', possible loss of data
f:\manyhats\manyhats\BaseballCap.h(16): warning C4244: 'argument': conversion from 'double' to 'const int', possible loss of data
f:\manyhats\manyhats\BaseballCap.h(19): warning C4244: 'argument': conversion from 'double' to 'const int', possible loss of data
f:\manyhats\manyhats\ChiefHat.h(10): warning C4244: 'argument': conversion from 'float' to 'const int', possible loss of data
f:\manyhats\manyhats\ChiefHat.h(14): warning C4244: 'argument': conversion from 'double' to 'const int', possible loss of data
f:\manyhats\manyhats\ChiefHat.h(17): warning C4244: 'argument': conversion from 'double' to 'const int', possible loss of data
f:\manyhats\manyhats\BombHat.h(9): warning C4244: 'argument': conversion from 'float' to 'const int', possible loss of data
f:\manyhats\manyhats\BombHat.h(16): warning C4244: 'argument': conversion from 'double' to 'const int', possible loss of data
f:\manyhats\manyhats\BombHat.h(19): warning C4244: 'argument': conversion from 'double' to 'const int', possible loss of data
f:\manyhats\manyhats\NurseHat.h(10): warning C4244: 'argument': conversion from 'float' to 'const int', possible loss of data
f:\manyhats\manyhats\SantaHat.h(9): warning C4244: 'argument': conversion from 'float' to 'const int', possible loss of data
f:\manyhats\manyhats\SantaHat.h(13): warning C4244: 'argument': conversion from 'double' to 'const int', possible loss of data
f:\manyhats\manyhats\SantaHat.h(16): warning C4244: 'argument': conversion from 'double' to 'const int', possible loss of data
GameStateManager.cpp(82): warning C4305: 'argument': truncation from 'double' to 'float'
GameStateManager.cpp(130): warning C4018: '<': signed/unsigned mismatch
GameStateManager.cpp(200): warning C4305: 'argument': truncation from 'double' to 'float'
GameStateManager.cpp(208): warning C4305: 'argument': truncation from 'double' to 'float'
GameStateManager.cpp(217): warning C4305: 'argument': truncation from 'double' to 'float'
GameStateManager.cpp(225): warning C4305: 'argument': truncation from 'double' to 'float'
  GameWorld.cpp
f:\manyhats\manyhats\Interactable.h(27): warning C4018: '<': signed/unsigned mismatch
f:\manyhats\manyhats\Interactable.h(44): warning C4244: '=': conversion from 'double' to 'int', possible loss of data
f:\manyhats\manyhats\BaseballCap.h(10): warning C4244: 'argument': conversion from 'float' to 'const int', possible loss of data
f:\manyhats\manyhats\BaseballCap.h(16): warning C4244: 'argument': conversion from 'double' to 'const int', possible loss of data
f:\manyhats\manyhats\BaseballCap.h(19): warning C4244: 'argument': conversion from 'double' to 'const int', possible loss of data
f:\manyhats\manyhats\ChiefHat.h(10): warning C4244: 'argument': conversion from 'float' to 'const int', possible loss of data
f:\manyhats\manyhats\ChiefHat.h(14): warning C4244: 'argument': conversion from 'double' to 'const int', possible loss of data
f:\manyhats\manyhats\ChiefHat.h(17): warning C4244: 'argument': conversion from 'double' to 'const int', possible loss of data
f:\manyhats\manyhats\BombHat.h(9): warning C4244: 'argument': conversion from 'float' to 'const int', possible loss of data
f:\manyhats\manyhats\BombHat.h(16): warning C4244: 'argument': conversion from 'double' to 'const int', possible loss of data
f:\manyhats\manyhats\BombHat.h(19): warning C4244: 'argument': conversion from 'double' to 'const int', possible loss of data
f:\manyhats\manyhats\NurseHat.h(10): warning C4244: 'argument': conversion from 'float' to 'const int', possible loss of data
f:\manyhats\manyhats\SantaHat.h(9): warning C4244: 'argument': conversion from 'float' to 'const int', possible loss of data
f:\manyhats\manyhats\SantaHat.h(13): warning C4244: 'argument': conversion from 'double' to 'const int', possible loss of data
f:\manyhats\manyhats\SantaHat.h(16): warning C4244: 'argument': conversion from 'double' to 'const int', possible loss of data
GameWorld.cpp(32): warning C4018: '<': signed/unsigned mismatch
  InputManager.cpp
f:\manyhats\manyhats\Interactable.h(27): warning C4018: '<': signed/unsigned mismatch
f:\manyhats\manyhats\Interactable.h(44): warning C4244: '=': conversion from 'double' to 'int', possible loss of data
f:\manyhats\manyhats\BaseballCap.h(10): warning C4244: 'argument': conversion from 'float' to 'const int', possible loss of data
f:\manyhats\manyhats\BaseballCap.h(16): warning C4244: 'argument': conversion from 'double' to 'const int', possible loss of data
f:\manyhats\manyhats\BaseballCap.h(19): warning C4244: 'argument': conversion from 'double' to 'const int', possible loss of data
f:\manyhats\manyhats\ChiefHat.h(10): warning C4244: 'argument': conversion from 'float' to 'const int', possible loss of data
f:\manyhats\manyhats\ChiefHat.h(14): warning C4244: 'argument': conversion from 'double' to 'const int', possible loss of data
f:\manyhats\manyhats\ChiefHat.h(17): warning C4244: 'argument': conversion from 'double' to 'const int', possible loss of data
f:\manyhats\manyhats\BombHat.h(9): warning C4244: 'argument': conversion from 'float' to 'const int', possible loss of data
f:\manyhats\manyhats\BombHat.h(16): warning C4244: 'argument': conversion from 'double' to 'const int', possible loss of data
f:\manyhats\manyhats\BombHat.h(19): warning C4244: 'argument': conversion from 'double' to 'const int', possible loss of data
f:\manyhats\manyhats\NurseHat.h(10): warning C4244: 'argument': conversion from 'float' to 'const int', possible loss of data
f:\manyhats\manyhats\SantaHat.h(9): warning C4244: 'argument': conversion from 'float' to 'const int', possible loss of data
f:\manyhats\manyhats\SantaHat.h(13): warning C4244: 'argument': conversion from 'double' to 'const int', possible loss of data
f:\manyhats\manyhats\SantaHat.h(16): warning C4244: 'argument': conversion from 'double' to 'const int', possible loss of data
  Main.cpp
f:\manyhats\manyhats\Interactable.h(27): warning C4018: '<': signed/unsigned mismatch
f:\manyhats\manyhats\Interactable.h(44): warning C4244: '=': conversion from 'double' to 'int', possible loss of data
f:\manyhats\manyhats\BaseballCap.h(10): warning C4244: 'argument': conversion from 'float' to 'const int', possible loss of data
f:\manyhats\manyhats\BaseballCap.h(16): warning C4244: 'argument': conversion from 'double' to 'const int', possible loss of data
f:\manyhats\manyhats\BaseballCap.h(19): warning C4244: 'argument': conversion from 'double' to 'const int', possible loss of data
f:\manyhats\manyhats\ChiefHat.h(10): warning C4244: 'argument': conversion from 'float' to 'const int', possible loss of data
f:\manyhats\manyhats\ChiefHat.h(14): warning C4244: 'argument': conversion from 'double' to 'const int', possible loss of data
f:\manyhats\manyhats\ChiefHat.h(17): warning C4244: 'argument': conversion from 'double' to 'const int', possible loss of data
f:\manyhats\manyhats\BombHat.h(9): warning C4244: 'argument': conversion from 'float' to 'const int', possible loss of data
f:\manyhats\manyhats\BombHat.h(16): warning C4244: 'argument': conversion from 'double' to 'const int', possible loss of data
f:\manyhats\manyhats\BombHat.h(19): warning C4244: 'argument': conversion from 'double' to 'const int', possible loss of data
f:\manyhats\manyhats\NurseHat.h(10): warning C4244: 'argument': conversion from 'float' to 'const int', possible loss of data
f:\manyhats\manyhats\SantaHat.h(9): warning C4244: 'argument': conversion from 'float' to 'const int', possible loss of data
f:\manyhats\manyhats\SantaHat.h(13): warning C4244: 'argument': conversion from 'double' to 'const int', possible loss of data
f:\manyhats\manyhats\SantaHat.h(16): warning C4244: 'argument': conversion from 'double' to 'const int', possible loss of data
LINK : warning LNK4098: defaultlib 'MSVCRTD' conflicts with use of other libs; use /NODEFAULTLIB:library
  Generating code
  4 of 1581 functions ( 0.3%) were compiled, the rest were copied from previous compilation.
    0 functions were new in current compilation
    19 functions had inline decision re-evaluated but remain unchanged
  Finished generating code
  ManyHats.vcxproj -> F:\ManyHats\Release\ManyHats.exe
